<?xml version="1.0" encoding="UTF-8"?>
<testng-results ignored="0" total="5" passed="5" failed="0" skipped="0">
  <reporter-output>
  </reporter-output>
  <suite started-at="2022-11-09T11:49:57 WIB" name="Default suite" finished-at="2022-11-09T11:50:28 WIB" duration-ms="31478">
    <groups>
      <group name="cucumber">
        <method signature="AbstractTestNGCucumberTests.runScenario(io.cucumber.testng.PickleWrapper,io.cucumber.testng.FeatureWrapper)[pri:0, instance:BCAMF.step_definitions.TestRunner@4f2b503c]" name="runScenario" class="io.cucumber.testng.AbstractTestNGCucumberTests"/>
      </group> <!-- cucumber -->
    </groups>
    <test started-at="2022-11-09T11:49:57 WIB" name="Default test" finished-at="2022-11-09T11:50:28 WIB" duration-ms="31478">
      <class name="BCAMF.step_definitions.TestRunner">
        <test-method is-config="true" signature="setUpClass(org.testng.ITestContext)[pri:0, instance:BCAMF.step_definitions.TestRunner@4f2b503c]" started-at="2022-11-09T11:49:57 WIB" name="setUpClass" finished-at="2022-11-09T11:49:58 WIB" duration-ms="1299" status="PASS">
          <params>
            <param index="0">
              <value>
                <![CDATA[org.testng.TestRunner@4832f03b]]>
              </value>
            </param>
          </params>
          <reporter-output>
          </reporter-output>
        </test-method> <!-- setUpClass -->
        <test-method signature="runScenario(io.cucumber.testng.PickleWrapper,io.cucumber.testng.FeatureWrapper)[pri:0, instance:BCAMF.step_definitions.TestRunner@4f2b503c]" started-at="2022-11-09T11:49:58 WIB" name="runScenario" description="Runs Cucumber Scenarios" data-provider="scenarios" finished-at="2022-11-09T11:50:08 WIB" duration-ms="10009" status="PASS">
          <params>
            <param index="0">
              <value>
                <![CDATA["Dashboard data"]]>
              </value>
            </param>
            <param index="1">
              <value>
                <![CDATA["Home"]]>
              </value>
            </param>
          </params>
          <reporter-output>
          </reporter-output>
        </test-method> <!-- runScenario -->
        <test-method signature="runScenario(io.cucumber.testng.PickleWrapper,io.cucumber.testng.FeatureWrapper)[pri:0, instance:BCAMF.step_definitions.TestRunner@4f2b503c]" started-at="2022-11-09T11:50:08 WIB" name="runScenario" description="Runs Cucumber Scenarios" data-provider="scenarios" finished-at="2022-11-09T11:50:12 WIB" duration-ms="4361" status="PASS">
          <params>
            <param index="0">
              <value>
                <![CDATA["Expertise trainings"]]>
              </value>
            </param>
            <param index="1">
              <value>
                <![CDATA["Home"]]>
              </value>
            </param>
          </params>
          <reporter-output>
          </reporter-output>
        </test-method> <!-- runScenario -->
        <test-method signature="runScenario(io.cucumber.testng.PickleWrapper,io.cucumber.testng.FeatureWrapper)[pri:0, instance:BCAMF.step_definitions.TestRunner@4f2b503c]" started-at="2022-11-09T11:50:12 WIB" name="runScenario" description="Runs Cucumber Scenarios" data-provider="scenarios" finished-at="2022-11-09T11:50:15 WIB" duration-ms="3234" status="PASS">
          <params>
            <param index="0">
              <value>
                <![CDATA["Expertise tools"]]>
              </value>
            </param>
            <param index="1">
              <value>
                <![CDATA["Home"]]>
              </value>
            </param>
          </params>
          <reporter-output>
          </reporter-output>
        </test-method> <!-- runScenario -->
        <test-method signature="runScenario(io.cucumber.testng.PickleWrapper,io.cucumber.testng.FeatureWrapper)[pri:0, instance:BCAMF.step_definitions.TestRunner@4f2b503c]" started-at="2022-11-09T11:50:15 WIB" name="runScenario" description="Runs Cucumber Scenarios" data-provider="scenarios" finished-at="2022-11-09T11:50:22 WIB" duration-ms="6439" status="PASS">
          <params>
            <param index="0">
              <value>
                <![CDATA["Company 1"]]>
              </value>
            </param>
            <param index="1">
              <value>
                <![CDATA["Home"]]>
              </value>
            </param>
          </params>
          <reporter-output>
          </reporter-output>
        </test-method> <!-- runScenario -->
        <test-method signature="runScenario(io.cucumber.testng.PickleWrapper,io.cucumber.testng.FeatureWrapper)[pri:0, instance:BCAMF.step_definitions.TestRunner@4f2b503c]" started-at="2022-11-09T11:50:22 WIB" name="runScenario" description="Runs Cucumber Scenarios" data-provider="scenarios" finished-at="2022-11-09T11:50:25 WIB" duration-ms="3360" status="PASS">
          <params>
            <param index="0">
              <value>
                <![CDATA["Company 2"]]>
              </value>
            </param>
            <param index="1">
              <value>
                <![CDATA["Home"]]>
              </value>
            </param>
          </params>
          <reporter-output>
          </reporter-output>
        </test-method> <!-- runScenario -->
        <test-method is-config="true" signature="tearDownClass()[pri:0, instance:BCAMF.step_definitions.TestRunner@4f2b503c]" started-at="2022-11-09T11:50:25 WIB" name="tearDownClass" finished-at="2022-11-09T11:50:28 WIB" duration-ms="2681" status="PASS">
          <reporter-output>
          </reporter-output>
        </test-method> <!-- tearDownClass -->
      </class> <!-- BCAMF.step_definitions.TestRunner -->
    </test> <!-- Default test -->
  </suite> <!-- Default suite -->
</testng-results>
